<?xml version="1.0" encoding="UTF-8"?>
<testsuite name="store.service.storeservice.StoreServiceApplicationTests" tests="1" skipped="0" failures="0" errors="0" timestamp="2020-03-15T19:50:24" hostname="Alis-MBP.lan" time="0.312">
  <properties/>
  <testcase name="contextLoads()" classname="store.service.storeservice.StoreServiceApplicationTests" time="0.312"/>
  <system-out><![CDATA[20:50:22.161 [Test worker] DEBUG org.springframework.test.context.BootstrapUtils - Instantiating CacheAwareContextLoaderDelegate from class [org.springframework.test.context.cache.DefaultCacheAwareContextLoaderDelegate]
20:50:22.173 [Test worker] DEBUG org.springframework.test.context.BootstrapUtils - Instantiating BootstrapContext using constructor [public org.springframework.test.context.support.DefaultBootstrapContext(java.lang.Class,org.springframework.test.context.CacheAwareContextLoaderDelegate)]
20:50:22.199 [Test worker] DEBUG org.springframework.test.context.BootstrapUtils - Instantiating TestContextBootstrapper for test class [store.service.storeservice.StoreServiceApplicationTests] from class [org.springframework.boot.test.context.SpringBootTestContextBootstrapper]
20:50:22.213 [Test worker] INFO org.springframework.boot.test.context.SpringBootTestContextBootstrapper - Neither @ContextConfiguration nor @ContextHierarchy found for test class [store.service.storeservice.StoreServiceApplicationTests], using SpringBootContextLoader
20:50:22.217 [Test worker] DEBUG org.springframework.test.context.support.AbstractContextLoader - Did not detect default resource location for test class [store.service.storeservice.StoreServiceApplicationTests]: class path resource [store/service/storeservice/StoreServiceApplicationTests-context.xml] does not exist
20:50:22.218 [Test worker] DEBUG org.springframework.test.context.support.AbstractContextLoader - Did not detect default resource location for test class [store.service.storeservice.StoreServiceApplicationTests]: class path resource [store/service/storeservice/StoreServiceApplicationTestsContext.groovy] does not exist
20:50:22.218 [Test worker] INFO org.springframework.test.context.support.AbstractContextLoader - Could not detect default resource locations for test class [store.service.storeservice.StoreServiceApplicationTests]: no resource found for suffixes {-context.xml, Context.groovy}.
20:50:22.218 [Test worker] INFO org.springframework.test.context.support.AnnotationConfigContextLoaderUtils - Could not detect default configuration classes for test class [store.service.storeservice.StoreServiceApplicationTests]: StoreServiceApplicationTests does not declare any static, non-private, non-final, nested classes annotated with @Configuration.
20:50:22.249 [Test worker] DEBUG org.springframework.test.context.support.ActiveProfilesUtils - Could not find an 'annotation declaring class' for annotation type [org.springframework.test.context.ActiveProfiles] and class [store.service.storeservice.StoreServiceApplicationTests]
20:50:22.309 [Test worker] DEBUG org.springframework.context.annotation.ClassPathScanningCandidateComponentProvider - Identified candidate component class: file [/Users/ferhatb/store-service/build/classes/kotlin/main/store/service/App.class]
20:50:22.312 [Test worker] INFO org.springframework.boot.test.context.SpringBootTestContextBootstrapper - Found @SpringBootConfiguration store.service.App for test class store.service.storeservice.StoreServiceApplicationTests
20:50:22.382 [Test worker] DEBUG org.springframework.boot.test.context.SpringBootTestContextBootstrapper - @TestExecutionListeners is not present for class [store.service.storeservice.StoreServiceApplicationTests]: using defaults.
20:50:22.383 [Test worker] INFO org.springframework.boot.test.context.SpringBootTestContextBootstrapper - Loaded default TestExecutionListener class names from location [META-INF/spring.factories]: [org.springframework.cloud.contract.stubrunner.provider.wiremock.StubRunnerWireMockTestExecutionListener, org.springframework.cloud.contract.wiremock.WireMockTestExecutionListener, org.springframework.boot.test.autoconfigure.restdocs.RestDocsTestExecutionListener, org.springframework.boot.test.autoconfigure.web.client.MockRestServiceServerResetTestExecutionListener, org.springframework.boot.test.autoconfigure.web.servlet.MockMvcPrintOnlyOnFailureTestExecutionListener, org.springframework.boot.test.autoconfigure.web.servlet.WebDriverTestExecutionListener, org.springframework.boot.test.mock.mockito.MockitoTestExecutionListener, org.springframework.boot.test.mock.mockito.ResetMocksTestExecutionListener, org.springframework.test.context.web.ServletTestExecutionListener, org.springframework.test.context.support.DirtiesContextBeforeModesTestExecutionListener, org.springframework.test.context.support.DependencyInjectionTestExecutionListener, org.springframework.test.context.support.DirtiesContextTestExecutionListener, org.springframework.test.context.transaction.TransactionalTestExecutionListener, org.springframework.test.context.jdbc.SqlScriptsTestExecutionListener, org.springframework.test.context.event.EventPublishingTestExecutionListener]
20:50:22.389 [Test worker] DEBUG org.springframework.boot.test.context.SpringBootTestContextBootstrapper - Skipping candidate TestExecutionListener [org.springframework.test.context.web.ServletTestExecutionListener] due to a missing dependency. Specify custom listener classes or make the default listener classes and their required dependencies available. Offending class: [javax/servlet/ServletContext]
20:50:22.394 [Test worker] INFO org.springframework.boot.test.context.SpringBootTestContextBootstrapper - Using TestExecutionListeners: [org.springframework.test.context.support.DirtiesContextBeforeModesTestExecutionListener@69a5e75e, org.springframework.boot.test.mock.mockito.MockitoTestExecutionListener@7c250a80, org.springframework.boot.test.autoconfigure.SpringBootDependencyInjectionTestExecutionListener@1223908a, org.springframework.test.context.support.DirtiesContextTestExecutionListener@19de20, org.springframework.test.context.transaction.TransactionalTestExecutionListener@46c0566a, org.springframework.test.context.jdbc.SqlScriptsTestExecutionListener@12652538, org.springframework.test.context.event.EventPublishingTestExecutionListener@1ccc503e, org.springframework.boot.test.autoconfigure.restdocs.RestDocsTestExecutionListener@52ea7559, org.springframework.boot.test.autoconfigure.web.client.MockRestServiceServerResetTestExecutionListener@16dd0a68, org.springframework.boot.test.autoconfigure.web.servlet.MockMvcPrintOnlyOnFailureTestExecutionListener@2d2aa16e, org.springframework.boot.test.autoconfigure.web.servlet.WebDriverTestExecutionListener@53995955, org.springframework.boot.test.mock.mockito.ResetMocksTestExecutionListener@52d8aec2, org.springframework.cloud.contract.stubrunner.provider.wiremock.StubRunnerWireMockTestExecutionListener@2ca860bb, org.springframework.cloud.contract.wiremock.WireMockTestExecutionListener@54718591]
20:50:22.398 [Test worker] DEBUG org.springframework.test.context.support.AbstractDirtiesContextTestExecutionListener - Before test class: context [DefaultTestContext@1c30087d testClass = StoreServiceApplicationTests, testInstance = [null], testMethod = [null], testException = [null], mergedContextConfiguration = [MergedContextConfiguration@10ad6b55 testClass = StoreServiceApplicationTests, locations = '{}', classes = '{class store.service.App}', contextInitializerClasses = '[]', activeProfiles = '{}', propertySourceLocations = '{}', propertySourceProperties = '{org.springframework.boot.test.context.SpringBootTestContextBootstrapper=true}', contextCustomizers = set[org.springframework.boot.test.autoconfigure.properties.PropertyMappingContextCustomizer@0, org.springframework.boot.test.autoconfigure.web.servlet.WebDriverContextCustomizerFactory$Customizer@2fc65b8, org.springframework.boot.test.context.filter.ExcludeFilterContextCustomizer@1b79491e, org.springframework.boot.test.json.DuplicateJsonObjectContextCustomizerFactory$DuplicateJsonObjectContextCustomizer@620e6574, org.springframework.boot.test.mock.mockito.MockitoContextCustomizer@0, org.springframework.boot.test.web.client.TestRestTemplateContextCustomizer@abb338e], contextLoader = 'org.springframework.boot.test.context.SpringBootContextLoader', parent = [null]], attributes = map[[empty]]], class annotated with @DirtiesContext [false] with mode [null].
20:50:22.426 [Test worker] DEBUG org.springframework.test.context.support.TestPropertySourceUtils - Adding inlined properties to environment: {spring.jmx.enabled=false, org.springframework.boot.test.context.SpringBootTestContextBootstrapper=true, server.port=-1}

  .   ____          _            __ _ _
 /\\ / ___'_ __ _ _(_)_ __  __ _ \ \ \ \
( ( )\___ | '_ | '_| | '_ \/ _` | \ \ \ \
 \\/  ___)| |_)| | | | | || (_| |  ) ) ) )
  '  |____| .__|_| |_|_| |_\__, | / / / /
 =========|_|==============|___/=/_/_/_/
 :: Spring Boot ::        (v2.2.5.RELEASE)

2020-03-15 20:50:22.693  INFO 29853 --- [    Test worker] s.s.s.StoreServiceApplicationTests       : Starting StoreServiceApplicationTests on Alis-MBP.lan with PID 29853 (started by ferhatb in /Users/ferhatb/store-service)
2020-03-15 20:50:22.695  INFO 29853 --- [    Test worker] s.s.s.StoreServiceApplicationTests       : No active profile set, falling back to default profiles: default
2020-03-15 20:50:23.197  INFO 29853 --- [    Test worker] .s.d.r.c.RepositoryConfigurationDelegate : Bootstrapping Spring Data MongoDB repositories in DEFAULT mode.
2020-03-15 20:50:23.214  INFO 29853 --- [    Test worker] .s.d.r.c.RepositoryConfigurationDelegate : Finished Spring Data repository scanning in 12ms. Found 0 MongoDB repository interfaces.
2020-03-15 20:50:23.604  INFO 29853 --- [       Thread-4] o.s.b.a.mongo.embedded.EmbeddedMongo     : note: noprealloc may hurt performance in many applications
2020-03-15 20:50:23.615  INFO 29853 --- [       Thread-4] o.s.b.a.mongo.embedded.EmbeddedMongo     : 2020-03-15T20:50:23.615+0100 I CONTROL  [initandlisten] MongoDB starting : pid=29854 port=52997 dbpath=/var/folders/cp/tft3hlp13n1bkrhhjw9xhrvr0000gp/T/embedmongo-db-83dfb931-ff80-424b-8533-adb7e45b592e 64-bit host=Alis-MBP.lan
2020-03-15 20:50:23.616  INFO 29853 --- [       Thread-4] o.s.b.a.mongo.embedded.EmbeddedMongo     : 2020-03-15T20:50:23.615+0100 I CONTROL  [initandlisten] db version v3.5.5
2020-03-15 20:50:23.616  INFO 29853 --- [       Thread-4] o.s.b.a.mongo.embedded.EmbeddedMongo     : 2020-03-15T20:50:23.615+0100 I CONTROL  [initandlisten] git version: 98515c812b6fa893613f063dae568ff8319cbfbd
2020-03-15 20:50:23.616  INFO 29853 --- [       Thread-4] o.s.b.a.mongo.embedded.EmbeddedMongo     : 2020-03-15T20:50:23.615+0100 I CONTROL  [initandlisten] allocator: system
2020-03-15 20:50:23.616  INFO 29853 --- [       Thread-4] o.s.b.a.mongo.embedded.EmbeddedMongo     : 2020-03-15T20:50:23.615+0100 I CONTROL  [initandlisten] modules: none
2020-03-15 20:50:23.616  INFO 29853 --- [       Thread-4] o.s.b.a.mongo.embedded.EmbeddedMongo     : 2020-03-15T20:50:23.615+0100 I CONTROL  [initandlisten] build environment:
2020-03-15 20:50:23.616  INFO 29853 --- [       Thread-4] o.s.b.a.mongo.embedded.EmbeddedMongo     : 2020-03-15T20:50:23.615+0100 I CONTROL  [initandlisten]     distarch: x86_64
2020-03-15 20:50:23.617  INFO 29853 --- [       Thread-4] o.s.b.a.mongo.embedded.EmbeddedMongo     : 2020-03-15T20:50:23.615+0100 I CONTROL  [initandlisten]     target_arch: x86_64
2020-03-15 20:50:23.617  INFO 29853 --- [       Thread-4] o.s.b.a.mongo.embedded.EmbeddedMongo     : 2020-03-15T20:50:23.615+0100 I CONTROL  [initandlisten] options: { net: { bindIp: "127.0.0.1", http: { enabled: false }, port: 52997 }, security: { authorization: "disabled" }, storage: { dbPath: "/var/folders/cp/tft3hlp13n1bkrhhjw9xhrvr0000gp/T/embedmongo-db-83dfb931-ff80-424b-8533-adb7e45b592e", journal: { enabled: false }, mmapv1: { preallocDataFiles: false, smallFiles: true }, syncPeriodSecs: 0.0 } }
2020-03-15 20:50:23.617  INFO 29853 --- [       Thread-4] o.s.b.a.mongo.embedded.EmbeddedMongo     : 2020-03-15T20:50:23.616+0100 I STORAGE  [initandlisten] wiredtiger_open config: create,cache_size=7680M,session_max=20000,eviction=(threads_min=4,threads_max=4),config_base=false,statistics=(fast),log=(enabled=true,archive=true,path=journal,compressor=snappy),file_manager=(close_idle_time=100000),checkpoint=(wait=0,log_size=2GB),statistics_log=(wait=0),verbose=(recovery_progress),,log=(enabled=false),
2020-03-15 20:50:23.841  INFO 29853 --- [       Thread-4] o.s.b.a.mongo.embedded.EmbeddedMongo     : 2020-03-15T20:50:23.841+0100 W STORAGE  [initandlisten] Detected configuration for non-active storage engine mmapv1 when current storage engine is wiredTiger
2020-03-15 20:50:23.841  INFO 29853 --- [       Thread-4] o.s.b.a.mongo.embedded.EmbeddedMongo     : 2020-03-15T20:50:23.841+0100 I CONTROL  [initandlisten] 
2020-03-15 20:50:23.842  INFO 29853 --- [       Thread-4] o.s.b.a.mongo.embedded.EmbeddedMongo     : 2020-03-15T20:50:23.841+0100 I CONTROL  [initandlisten] ** NOTE: This is a development version (3.5.5) of MongoDB.
2020-03-15 20:50:23.842  INFO 29853 --- [       Thread-4] o.s.b.a.mongo.embedded.EmbeddedMongo     : 2020-03-15T20:50:23.841+0100 I CONTROL  [initandlisten] **       Not recommended for production.
2020-03-15 20:50:23.842  INFO 29853 --- [       Thread-4] o.s.b.a.mongo.embedded.EmbeddedMongo     : 2020-03-15T20:50:23.841+0100 I CONTROL  [initandlisten] 
2020-03-15 20:50:23.940  INFO 29853 --- [       Thread-4] o.s.b.a.mongo.embedded.EmbeddedMongo     : 2020-03-15T20:50:23.937+0100 I FTDC     [initandlisten] Initializing full-time diagnostic data capture with directory '/var/folders/cp/tft3hlp13n1bkrhhjw9xhrvr0000gp/T/embedmongo-db-83dfb931-ff80-424b-8533-adb7e45b592e/diagnostic.data'
2020-03-15 20:50:24.073  INFO 29853 --- [       Thread-4] o.s.b.a.mongo.embedded.EmbeddedMongo     : 2020-03-15T20:50:24.072+0100 I INDEX    [initandlisten] build index on: admin.system.version properties: { v: 2, key: { version: 1 }, name: "incompatible_with_version_32", ns: "admin.system.version" }
2020-03-15 20:50:24.073  INFO 29853 --- [       Thread-4] o.s.b.a.mongo.embedded.EmbeddedMongo     : 2020-03-15T20:50:24.072+0100 I INDEX    [initandlisten] 	 building index using bulk method; build may temporarily use up to 500 megabytes of RAM
2020-03-15 20:50:24.085  INFO 29853 --- [       Thread-4] o.s.b.a.mongo.embedded.EmbeddedMongo     : 2020-03-15T20:50:24.084+0100 I INDEX    [initandlisten] build index done.  scanned 0 total records. 0 secs
2020-03-15 20:50:24.085  INFO 29853 --- [       Thread-4] o.s.b.a.mongo.embedded.EmbeddedMongo     : 2020-03-15T20:50:24.085+0100 I COMMAND  [initandlisten] setting featureCompatibilityVersion to 3.4
2020-03-15 20:50:24.086  INFO 29853 --- [       Thread-4] o.s.b.a.mongo.embedded.EmbeddedMongo     : 2020-03-15T20:50:24.085+0100 I NETWORK  [thread1] waiting for connections on port 52997
2020-03-15 20:50:24.086  INFO 29853 --- [    Test worker] d.f.embed.mongo.MongodExecutable         : start de.flapdoodle.embed.mongo.config.MongodConfigBuilder$ImmutableMongodConfig@31522cf3
2020-03-15 20:50:24.248  INFO 29853 --- [    Test worker] org.mongodb.driver.cluster               : Cluster created with settings {hosts=[localhost:52997], mode=MULTIPLE, requiredClusterType=UNKNOWN, serverSelectionTimeout='30000 ms', maxWaitQueueSize=500}
2020-03-15 20:50:24.249  INFO 29853 --- [    Test worker] org.mongodb.driver.cluster               : Adding discovered server localhost:52997 to client view of cluster
2020-03-15 20:50:24.282  INFO 29853 --- [       Thread-4] o.s.b.a.mongo.embedded.EmbeddedMongo     : 2020-03-15T20:50:24.281+0100 I NETWORK  [thread1] connection accepted from 127.0.0.1:52999 #1 (1 connection now open)
2020-03-15 20:50:24.289  INFO 29853 --- [       Thread-4] o.s.b.a.mongo.embedded.EmbeddedMongo     : 2020-03-15T20:50:24.289+0100 I NETWORK  [conn1] received client metadata from 127.0.0.1:52999 conn1: { driver: { name: "mongo-java-driver|legacy", version: "3.11.2" }, os: { type: "Darwin", name: "Mac OS X", architecture: "x86_64", version: "10.14.6" }, platform: "Java/AdoptOpenJDK/11.0.5+10" }
2020-03-15 20:50:24.301  INFO 29853 --- [localhost:52997] org.mongodb.driver.connection            : Opened connection [connectionId{localValue:1, serverValue:1}] to localhost:52997
2020-03-15 20:50:24.303  INFO 29853 --- [localhost:52997] org.mongodb.driver.cluster               : Monitor thread successfully connected to server with description ServerDescription{address=localhost:52997, type=STANDALONE, state=CONNECTED, ok=true, version=ServerVersion{versionList=[3, 5, 5]}, minWireVersion=0, maxWireVersion=5, maxDocumentSize=16777216, logicalSessionTimeoutMinutes=null, roundTripTimeNanos=1047326}
2020-03-15 20:50:24.305  INFO 29853 --- [localhost:52997] org.mongodb.driver.cluster               : Discovered cluster type of STANDALONE
2020-03-15 20:50:24.615  INFO 29853 --- [    Test worker] s.s.s.StoreServiceApplicationTests       : Started StoreServiceApplicationTests in 2.186 seconds (JVM running for 3.249)
]]></system-out>
  <system-err><![CDATA[]]></system-err>
</testsuite>
